<?xml version="1.0" encoding="UTF-8"?>
<!-- Generated by org.testng.reporters.JUnitReportReporter -->
<testsuite hostname="DESKTOP-RDK9582" failures="0" tests="2" name="TestNG1.Test1TestNG.TestCase2" time="0.025" errors="0" timestamp="2024-10-16T20:00:38 IST" skipped="0">
  <testcase classname="TestNG1.Test1TestNG.TestCase2" name="test3" time="0.015"/>
  <testcase classname="TestNG1.Test1TestNG.TestCase2" name="test4" time="0.010"/>
</testsuite> <!-- TestNG1.Test1TestNG.TestCase2 -->
