<?xml version="1.0" encoding="UTF-8"?>
<!-- Generated by org.testng.reporters.JUnitReportReporter -->
<testsuite hostname="DESKTOP-RDK9582" failures="0" tests="2" name="TestNG1.Test1TestNG.CurrentAccountTestClass2" time="0.014" errors="0" timestamp="2024-10-16T20:00:38 IST" skipped="0">
  <testcase classname="TestNG1.Test1TestNG.CurrentAccountTestClass2" name="test1" time="0.002"/>
  <testcase classname="TestNG1.Test1TestNG.CurrentAccountTestClass2" name="test2" time="0.012"/>
</testsuite> <!-- TestNG1.Test1TestNG.CurrentAccountTestClass2 -->
