<?xml version="1.0" encoding="UTF-8"?>
<!-- Generated by org.testng.reporters.JUnitReportReporter -->
<testsuite hostname="DESKTOP-RDK9582" failures="0" tests="4" name="TestNGReports.TestNGreports" time="0.112" errors="0" timestamp="2024-10-23T15:43:23 IST" skipped="0">
  <testcase classname="TestNGReports.TestNGreports" name="testMethod1" time="0.069"/>
  <testcase classname="TestNGReports.TestNGreports" name="testMethod3" time="0.005"/>
  <testcase classname="TestNGReports.TestNGreports" name="testMethod4" time="0.032"/>
  <testcase classname="TestNGReports.TestNGreports" name="testMethod2" time="0.006"/>
</testsuite> <!-- TestNGReports.TestNGreports -->
