<?xml version="1.0" encoding="UTF-8"?>
<!-- Generated by org.testng.reporters.JUnitReportReporter -->
<testsuite hostname="DESKTOP-RDK9582" failures="0" tests="2" name="TestNG1.Test1TestNG.DataPovideWithExcel" time="22.033" errors="0" timestamp="2024-10-23T14:43:36 IST" skipped="0">
  <testcase classname="TestNG1.Test1TestNG.DataPovideWithExcel" name="searchKeyword" time="8.697"/>
  <testcase classname="TestNG1.Test1TestNG.DataPovideWithExcel" name="searchKeyword" time="13.336"/>
</testsuite> <!-- TestNG1.Test1TestNG.DataPovideWithExcel -->
