<?xml version="1.0" encoding="UTF-8"?>
<!-- Generated by org.testng.reporters.JUnitReportReporter -->
<testsuite hostname="DESKTOP-RDK9582" failures="0" tests="3" name="TestNG1.Test1TestNG.AnnotationAttributes" time="0.176" errors="0" timestamp="2024-10-16T20:00:38 IST" skipped="0">
  <testcase classname="TestNG1.Test1TestNG.AnnotationAttributes" name="testCase3" time="0.162"/>
  <testcase classname="TestNG1.Test1TestNG.AnnotationAttributes" name="testCase1" time="0.005"/>
  <testcase classname="TestNG1.Test1TestNG.AnnotationAttributes" name="testCase2" time="0.009"/>
</testsuite> <!-- TestNG1.Test1TestNG.AnnotationAttributes -->
