<?xml version="1.0" encoding="UTF-8"?>
<!-- Generated by org.testng.reporters.JUnitReportReporter -->
<testsuite hostname="DESKTOP-RDK9582" failures="0" tests="2" name="TestNG1.Test1TestNG.TestCase1" time="0.213" errors="0" timestamp="2024-10-16T20:00:38 IST" skipped="0">
  <testcase classname="TestNG1.Test1TestNG.TestCase1" name="test1" time="0.067"/>
  <testcase classname="TestNG1.Test1TestNG.TestCase1" name="test2" time="0.146"/>
</testsuite> <!-- TestNG1.Test1TestNG.TestCase1 -->
