<?xml version="1.0" encoding="UTF-8"?>
<!-- Generated by org.testng.reporters.JUnitReportReporter -->
<testsuite hostname="DESKTOP-RDK9582" failures="0" tests="3" name="BatchTesting.ProductPageTest" time="0.033" errors="0" timestamp="2024-10-21T16:45:28 IST" skipped="0">
  <testcase classname="BatchTesting.ProductPageTest" name="AddProductToCart" time="0.017"/>
  <testcase classname="BatchTesting.ProductPageTest" name="SelectQuantity" time="0.008"/>
  <testcase classname="BatchTesting.ProductPageTest" name="AddProductToWishList" time="0.008"/>
</testsuite> <!-- BatchTesting.ProductPageTest -->
