<?xml version="1.0" encoding="UTF-8"?>
<!-- Generated by org.testng.reporters.JUnitReportReporter -->
<testsuite hostname="DESKTOP-RDK9582" failures="0" tests="2" name="BatchTesting.LoginTest" time="0.016" errors="0" timestamp="2024-10-21T16:45:28 IST" skipped="0">
  <testcase classname="BatchTesting.LoginTest" name="loginByEmail" time="0.013"/>
  <testcase classname="BatchTesting.LoginTest" name="loginByMobileNumber" time="0.003"/>
</testsuite> <!-- BatchTesting.LoginTest -->
