<?xml version="1.0" encoding="UTF-8"?>
<!-- Generated by org.testng.reporters.JUnitReportReporter -->
<testsuite hostname="DESKTOP-RDK9582" failures="0" tests="1" name="TestNG1.Test1TestNG.ListenerDemo" time="13.359" errors="0" timestamp="2024-10-19T10:53:32 IST" skipped="0">
  <testcase classname="TestNG1.Test1TestNG.ListenerDemo" name="Login" time="13.359"/>
</testsuite> <!-- TestNG1.Test1TestNG.ListenerDemo -->
