<?xml version="1.0" encoding="UTF-8"?>
<!-- Generated by org.testng.reporters.JUnitReportReporter -->
<testsuite hostname="DESKTOP-RDK9582" failures="0" tests="1" name="TestNG1.Test1TestNG.DataprovideDemo" time="5.143" errors="0" timestamp="2024-10-18T14:44:39 IST" skipped="0">
  <testcase classname="TestNG1.Test1TestNG.DataprovideDemo" name="TestCaseGooglesearch" time="5.143"/>
</testsuite> <!-- TestNG1.Test1TestNG.DataprovideDemo -->
