<?xml version="1.0" encoding="UTF-8"?>
<!-- Generated by org.testng.reporters.JUnitReportReporter -->
<testsuite hostname="DESKTOP-RDK9582" failures="0" tests="1" name="TestNGReports.TestNGReport2" time="16.169" errors="0" timestamp="2024-10-23T16:31:16 IST" skipped="0">
  <testcase classname="TestNGReports.TestNGReport2" name="launchBrowser" time="16.169">
    <system-out>
      <![CDATA[Chrome browser opened
Google URL opened
KeyWord Entered]]>
    </system-out>
  </testcase> <!-- launchBrowser -->
  <system-out>
    <![CDATA[Chrome browser opened
Google URL opened
KeyWord Entered]]>
  </system-out>
</testsuite> <!-- TestNGReports.TestNGReport2 -->
