<?xml version="1.0" encoding="UTF-8"?>
<!-- Generated by org.testng.reporters.JUnitReportReporter -->
<testsuite hostname="DESKTOP-RDK9582" failures="0" tests="1" name="TestNG1.Test1TestNG.ParallelDemo1" time="8.501" errors="0" timestamp="2024-10-19T09:08:54 IST" skipped="0">
  <testcase classname="TestNG1.Test1TestNG.ParallelDemo1" name="VerifyTitle" time="8.501"/>
</testsuite> <!-- TestNG1.Test1TestNG.ParallelDemo1 -->
