<?xml version="1.0" encoding="UTF-8"?>
<!-- Generated by org.testng.reporters.JUnitReportReporter -->
<testsuite hostname="DESKTOP-RDK9582" failures="0" tests="6" name="TestNG1.Test1TestNG.LoanDepartment" time="0.100" errors="0" timestamp="2024-10-16T20:00:38 IST" skipped="0">
  <testcase classname="TestNG1.Test1TestNG.LoanDepartment" name="APIloginPersonalLoan" time="0.002"/>
  <testcase classname="TestNG1.Test1TestNG.LoanDepartment" name="WebloginPersonalLoan" time="0.004"/>
  <testcase classname="TestNG1.Test1TestNG.LoanDepartment" name="MobileloginAutomobilelLoan" time="0.085"/>
  <testcase classname="TestNG1.Test1TestNG.LoanDepartment" name="APIloginAutomobilelLoan" time="0.004"/>
  <testcase classname="TestNG1.Test1TestNG.LoanDepartment" name="MobileloginPersonalLoan" time="0.002"/>
  <testcase classname="TestNG1.Test1TestNG.LoanDepartment" name="WebloginAutomobilelLoan" time="0.003"/>
</testsuite> <!-- TestNG1.Test1TestNG.LoanDepartment -->
