<?xml version="1.0" encoding="UTF-8"?>
<!-- Generated by org.testng.reporters.JUnitReportReporter -->
<testsuite hostname="DESKTOP-RDK9582" failures="0" tests="9" name="TestNG1.Test1TestNG.InvocationCount" time="0.091" errors="0" timestamp="2024-10-19T21:55:18 IST" skipped="0">
  <testcase classname="TestNG1.Test1TestNG.InvocationCount" name="repeatTest" time="0.011"/>
  <testcase classname="TestNG1.Test1TestNG.InvocationCount" name="repeatTest" time="0.015"/>
  <testcase classname="TestNG1.Test1TestNG.InvocationCount" name="repeatTest" time="0.013"/>
  <testcase classname="TestNG1.Test1TestNG.InvocationCount" name="repeatTest" time="0.008"/>
  <testcase classname="TestNG1.Test1TestNG.InvocationCount" name="repeatTest" time="0.006"/>
  <testcase classname="TestNG1.Test1TestNG.InvocationCount" name="repeatTest" time="0.020"/>
  <testcase classname="TestNG1.Test1TestNG.InvocationCount" name="repeatTest" time="0.006"/>
  <testcase classname="TestNG1.Test1TestNG.InvocationCount" name="repeatTest" time="0.005"/>
  <testcase classname="TestNG1.Test1TestNG.InvocationCount" name="repeatTest" time="0.007"/>
</testsuite> <!-- TestNG1.Test1TestNG.InvocationCount -->
