<?xml version="1.0" encoding="UTF-8"?>
<!-- Generated by org.testng.reporters.JUnitReportReporter -->
<testsuite hostname="DESKTOP-RDK9582" failures="0" tests="4" name="TestNG1.Test1TestNG.GroupAttribute" time="0.079" errors="0" timestamp="2024-10-16T20:00:38 IST" skipped="0">
  <testcase classname="TestNG1.Test1TestNG.GroupAttribute" name="Mariti" time="0.029"/>
  <testcase classname="TestNG1.Test1TestNG.GroupAttribute" name="infosys" time="0.013"/>
  <testcase classname="TestNG1.Test1TestNG.GroupAttribute" name="TATA" time="0.024"/>
  <testcase classname="TestNG1.Test1TestNG.GroupAttribute" name="wioros" time="0.013"/>
</testsuite> <!-- TestNG1.Test1TestNG.GroupAttribute -->
