<?xml version="1.0" encoding="UTF-8"?>
<!-- Generated by org.testng.reporters.JUnitReportReporter -->
<testsuite hostname="DESKTOP-RDK9582" failures="0" tests="2" name="CrossBrowserTesting.CrossbrowserTestingDemo1" time="18.232" errors="0" timestamp="2024-10-22T12:26:17 IST" skipped="0">
  <testcase classname="CrossBrowserTesting.CrossbrowserTestingDemo1" name="VerifyTittle" time="9.308"/>
  <testcase classname="CrossBrowserTesting.CrossbrowserTestingDemo1" name="VerifyTittle" time="8.924"/>
</testsuite> <!-- CrossBrowserTesting.CrossbrowserTestingDemo1 -->
