<?xml version="1.0" encoding="UTF-8"?>
<!-- Generated by org.testng.reporters.JUnitReportReporter -->
<testsuite hostname="DESKTOP-RDK9582" failures="0" tests="3" name="BatchTesting.HomeScreenTest" time="0.020" errors="0" timestamp="2024-10-21T16:45:28 IST" skipped="0">
  <testcase classname="BatchTesting.HomeScreenTest" name="Verifylogo" time="0.006"/>
  <testcase classname="BatchTesting.HomeScreenTest" name="VerifyTitle" time="0.009"/>
  <testcase classname="BatchTesting.HomeScreenTest" name="LaunchApplication" time="0.005"/>
</testsuite> <!-- BatchTesting.HomeScreenTest -->
