<?xml version="1.0" encoding="UTF-8"?>
<!-- Generated by org.testng.reporters.JUnitReportReporter -->
<testsuite hostname="DESKTOP-RDK9582" failures="0" tests="2" name="TestNG1.Test1TestNG.ParallelTesting" time="14.566" errors="0" timestamp="2024-10-19T09:08:54 IST" skipped="0">
  <testcase classname="TestNG1.Test1TestNG.ParallelTesting" name="VerifyTitle" time="4.807"/>
  <testcase classname="TestNG1.Test1TestNG.ParallelTesting" name="VerifyLogo" time="9.759"/>
</testsuite> <!-- TestNG1.Test1TestNG.ParallelTesting -->
