<?xml version="1.0" encoding="UTF-8"?>
<!-- Generated by org.testng.reporters.JUnitReportReporter -->
<testsuite hostname="DESKTOP-RDK9582" failures="0" tests="2" name="TestNG1.Test1TestNG.TestNGExample" time="0.017" errors="0" timestamp="2024-10-16T20:00:38 IST" skipped="0">
  <testcase classname="TestNG1.Test1TestNG.TestNGExample" name="test1" time="0.003"/>
  <testcase classname="TestNG1.Test1TestNG.TestNGExample" name="test2" time="0.014"/>
</testsuite> <!-- TestNG1.Test1TestNG.TestNGExample -->
