<?xml version="1.0" encoding="UTF-8"?>
<!-- Generated by org.testng.reporters.JUnitReportReporter -->
<testsuite hostname="DESKTOP-RDK9582" failures="0" tests="1" name="TestNG1.Test1TestNG.AutomobileParameter" time="0.005" errors="0" timestamp="2024-10-18T14:28:52 IST" skipped="0">
  <testcase classname="TestNG1.Test1TestNG.AutomobileParameter" name="testCase1" time="0.005"/>
</testsuite> <!-- TestNG1.Test1TestNG.AutomobileParameter -->
