<?xml version="1.0" encoding="UTF-8"?>
<!-- Generated by org.testng.reporters.JUnitReportReporter -->
<testsuite hostname="DESKTOP-RDK9582" failures="0" tests="2" name="BatchTesting.PaymentTest" time="0.010" errors="0" timestamp="2024-10-21T16:45:28 IST" skipped="0">
  <testcase classname="BatchTesting.PaymentTest" name="UPIBanking" time="0.006"/>
  <testcase classname="BatchTesting.PaymentTest" name="CashOnDelivery" time="0.004"/>
</testsuite> <!-- BatchTesting.PaymentTest -->
